[0m17:57:37.596524 [debug] [MainThread]: Sending event: {'category': 'dbt', 'action': 'invocation', 'label': 'start', 'context': [<snowplow_tracker.self_describing_json.SelfDescribingJson object at 0x000001EFFB625160>, <snowplow_tracker.self_describing_json.SelfDescribingJson object at 0x000001EFF886DC40>, <snowplow_tracker.self_describing_json.SelfDescribingJson object at 0x000001EFFC309A30>]}


============================== 17:57:37.604265 | df9f47c0-30d2-41b9-a98f-70bfc7517166 ==============================
[0m17:57:37.604265 [info ] [MainThread]: Running with dbt=1.11.11
[0m17:57:37.605264 [debug] [MainThread]: running dbt with arguments {'version_check': 'True', 'no_print': 'None', 'static_parser': 'True', 'warn_error_options': 'WarnErrorOptionsV2(error=[], warn=[], silence=[])', 'target_path': 'None', 'printer_width': '80', 'write_json': 'True', 'introspect': 'True', 'log_cache_events': 'False', 'empty': 'None', 'cache_selected_only': 'False', 'log_format': 'default', 'debug': 'False', 'fail_fast': 'False', 'profiles_dir': 'C:\\Users\\Balaji\\.dbt', 'send_anonymous_usage_stats': 'True', 'quiet': 'False', 'warn_error': 'None', 'partial_parse': 'True', 'indirect_selection': 'eager', 'invocation_command': 'dbt init dbt_project_v1', 'use_colors': 'True', 'use_experimental_parser': 'False', 'log_path': 'logs'}
[0m17:57:37.640115 [debug] [MainThread]: Starter project path: C:\Project\DBT_Repository\venv\Lib\site-packages\dbt\include\starter_project
[0m17:57:37.652447 [info ] [MainThread]: 
Your new dbt project "dbt_project_v1" was created!

For more information on how to configure the profiles.yml file,
please consult the dbt documentation here:

  https://docs.getdbt.com/docs/configure-your-profile

One more thing:

Need help? Don't hesitate to reach out to us via GitHub issues or on Slack:

  https://community.getdbt.com/

Happy modeling!

[0m17:57:37.652447 [info ] [MainThread]: Setting up your profile.
[0m17:57:55.374225 [debug] [MainThread]: Snowflake adapter: Setting snowflake.connector to ERROR (file logging only)
[0m17:57:55.375242 [debug] [MainThread]: Snowflake adapter: Setting botocore to ERROR (file logging only)
[0m17:57:55.376239 [debug] [MainThread]: Snowflake adapter: Setting boto3 to ERROR (file logging only)
[0m18:00:26.184496 [info ] [MainThread]: Profile dbt_project_v1 written to C:\Users\Balaji\.dbt\profiles.yml using target's profile_template.yml and your supplied values. Run 'dbt debug' to validate the connection.
[0m18:00:26.185492 [debug] [MainThread]: Command `dbt init` succeeded at 18:00:26.185492 after 168.89 seconds
[0m18:00:26.185492 [debug] [MainThread]: Sending event: {'category': 'dbt', 'action': 'invocation', 'label': 'end', 'context': [<snowplow_tracker.self_describing_json.SelfDescribingJson object at 0x000001EFFC032660>, <snowplow_tracker.self_describing_json.SelfDescribingJson object at 0x000001EFFE8EE000>, <snowplow_tracker.self_describing_json.SelfDescribingJson object at 0x000001EFFE8EC6B0>]}
[0m18:00:26.186492 [debug] [MainThread]: Flushing usage events
[0m18:00:27.520628 [debug] [MainThread]: An error was encountered while trying to flush usage events
